0 info it worked if it ends with ok
1 verbose cli [ '/home/jfmario/.nvm/versions/node/v4.8.6/bin/node',
1 verbose cli   '/home/jfmario/.nvm/versions/node/v4.8.6/bin/npm',
1 verbose cli   'run',
1 verbose cli   'initialize' ]
2 info using npm@2.1.1
3 info using node@v4.8.6
4 verbose run-script [ 'preinitialize', 'initialize', 'postinitialize' ]
5 info preinitialize server@1.0.0
6 info initialize server@1.0.0
7 verbose unsafe-perm in lifecycle true
8 info server@1.0.0 Failed to exec initialize script
9 verbose stack Error: server@1.0.0 initialize: `node site/scripts/initialize`
9 verbose stack Exit status 1
9 verbose stack     at ChildProcess.<anonymous> (/home/jfmario/.nvm/versions/node/v4.8.6/lib/node_modules/npm/lib/utils/lifecycle.js:212:16)
9 verbose stack     at emitTwo (events.js:87:13)
9 verbose stack     at ChildProcess.emit (events.js:172:7)
9 verbose stack     at maybeClose (internal/child_process.js:862:16)
9 verbose stack     at Process.ChildProcess._handle.onexit (internal/child_process.js:222:5)
10 verbose pkgid server@1.0.0
11 verbose cwd /home/jfmario/carolina/node-server-start
12 error Linux 4.10.0-40-generic
13 error argv "/home/jfmario/.nvm/versions/node/v4.8.6/bin/node" "/home/jfmario/.nvm/versions/node/v4.8.6/bin/npm" "run" "initialize"
14 error node v4.8.6
15 error npm  v2.1.1
16 error code ELIFECYCLE
17 error server@1.0.0 initialize: `node site/scripts/initialize`
17 error Exit status 1
18 error Failed at the server@1.0.0 initialize script.
18 error This is most likely a problem with the server package,
18 error not with npm itself.
18 error Tell the author that this fails on your system:
18 error     node site/scripts/initialize
18 error You can get their info via:
18 error     npm owner ls server
18 error There is likely additional logging output above.
19 verbose exit [ 1, true ]
